[091105 12:18:22#49272]DEBUG|:   [4;36;1mSQL (5.0ms)[0m   [0;1mSET SQL_AUTO_IS_NULL=0[0m
[091105 12:18:22#49272]DEBUG|:   [4;35;1mSQL (127.0ms)[0m   [0mCREATE TABLE `schema_migrations` (`version` varchar(255) NOT NULL) ENGINE=InnoDB CHARACTER SET `utf8`[0m
[091105 12:18:22#49272]DEBUG|:   [4;36;1mSQL (383.0ms)[0m   [0;1mCREATE UNIQUE INDEX `unique_schema_migrations` ON `schema_migrations` (`version`)[0m
[091105 12:18:22#49272]DEBUG|:   [4;35;1mSQL (1.0ms)[0m   [0mSELECT version FROM schema_migrations[0m
[091105 12:18:22#49272] INFO|: Migrating to AddSystemTable (20091105180337)
[091105 12:18:59#49289]DEBUG|:   [4;36;1mSQL (6.0ms)[0m   [0;1mSET SQL_AUTO_IS_NULL=0[0m
[091105 12:18:59#49289]DEBUG|:   [4;35;1mSQL (1.0ms)[0m   [0mSELECT version FROM schema_migrations[0m
[091105 12:18:59#49289] INFO|: Migrating to AddSystemTable (20091105180337)
[091105 12:27:54#49315]DEBUG|:   [4;36;1mSQL (4.0ms)[0m   [0;1mSET SQL_AUTO_IS_NULL=0[0m
[091105 12:27:54#49315]DEBUG|:   [4;35;1mSQL (1.0ms)[0m   [0mSELECT version FROM schema_migrations[0m
[091105 12:27:54#49315] INFO|: Migrating to AddSystemTable (20091105180337)
[091105 12:27:54#49315]DEBUG|:   [4;36;1mSQL (83.0ms)[0m   [0;1mCREATE TABLE `systems` (`id` int(11) DEFAULT NULL auto_increment PRIMARY KEY, `name` varchar(255) NOT NULL) ENGINE=InnoDB CHARACTER SET `utf8`[0m
[091105 12:27:54#49315]DEBUG|:   [4;35;1mSQL (28.0ms)[0m   [0mINSERT INTO schema_migrations (version) VALUES ('20091105180337')[0m
[091105 12:27:54#49315]DEBUG|:   [4;36;1mSQL (0.0ms)[0m   [0;1mSELECT version FROM schema_migrations[0m
[091105 15:11:32#49888]DEBUG|:   [4;36;1mSQL (5.0ms)[0m   [0;1mSET SQL_AUTO_IS_NULL=0[0m
[091105 15:11:32#49888]DEBUG|:   [4;35;1mSQL (336.0ms)[0m   [0mCREATE TABLE `schema_migrations` (`version` varchar(255) NOT NULL) ENGINE=InnoDB CHARACTER SET `utf8`[0m
[091105 15:11:32#49888]DEBUG|:   [4;36;1mSQL (209.0ms)[0m   [0;1mCREATE UNIQUE INDEX `unique_schema_migrations` ON `schema_migrations` (`version`)[0m
[091105 15:11:32#49888]DEBUG|:   [4;35;1mSQL (4.0ms)[0m   [0mSELECT version FROM schema_migrations[0m
[091105 15:11:32#49888] INFO|: Migrating to AddSystemTable (1)
[091105 15:11:33#49888]DEBUG|:   [4;36;1mSQL (198.0ms)[0m   [0;1mCREATE TABLE `systems` (`id` int(11) DEFAULT NULL auto_increment PRIMARY KEY, `name` varchar(255) NOT NULL, `description` varchar(255) NOT NULL) ENGINE=InnoDB CHARACTER SET `utf8`[0m
[091105 15:11:33#49888]DEBUG|:   [4;35;1mSQL (20.0ms)[0m   [0mINSERT INTO schema_migrations (version) VALUES ('1')[0m
[091105 15:11:33#49888] INFO|: Migrating to AddTransportTable (2)
[091105 15:11:33#49888]DEBUG|:   [4;36;1mSQL (170.0ms)[0m   [0;1mCREATE TABLE `transport` (`id` int(11) DEFAULT NULL auto_increment PRIMARY KEY, `type` varchar(255) NOT NULL) ENGINE=InnoDB CHARACTER SET `utf8`[0m
[091105 15:11:33#49888]DEBUG|:   [4;35;1mSQL (248.0ms)[0m   [0mCREATE TABLE `transport_type` (`id` int(11) DEFAULT NULL auto_increment PRIMARY KEY, `type` varchar(255) NOT NULL, `class_name` varchar(255) NOT NULL) ENGINE=InnoDB CHARACTER SET `utf8`[0m
[091105 15:11:33#49888]DEBUG|:   [4;36;1mSQL (237.0ms)[0m   [0;1mALTER TABLE `systems` ADD `inboundTransport` varchar(255)[0m
[091105 15:11:34#49888]DEBUG|:   [4;35;1mSQL (336.0ms)[0m   [0mALTER TABLE `systems` ADD `outboundTransport` varchar(255)[0m
[091105 15:11:34#49888]DEBUG|:   [4;36;1mSQL (2.0ms)[0m   [0;1mINSERT INTO schema_migrations (version) VALUES ('2')[0m
[091105 15:11:34#49888] INFO|: Migrating to AddScenariosTable (3)
[091105 15:11:34#49888]DEBUG|:   [4;35;1mSQL (566.0ms)[0m   [0mCREATE TABLE `scenarios` (`id` int(11) DEFAULT NULL auto_increment PRIMARY KEY, `conversationId` varchar(255) NOT NULL, `name` varchar(255) NOT NULL, `criteriaScript` varchar(255) NOT NULL, `executionScript` varchar(255) NOT NULL, `isActive` tinyint(1)) ENGINE=InnoDB CHARACTER SET `utf8`[0m
[091105 15:11:35#49888]DEBUG|:   [4;36;1mSQL (395.0ms)[0m   [0;1mINSERT INTO schema_migrations (version) VALUES ('3')[0m
[091105 15:11:35#49888] INFO|: Migrating to AddFormatTable (4)
[091105 15:11:35#49888]DEBUG|:   [4;35;1mSQL (230.0ms)[0m   [0mCREATE TABLE `formats` (`id` int(11) DEFAULT NULL auto_increment PRIMARY KEY, `type` varchar(255) NOT NULL) ENGINE=InnoDB CHARACTER SET `utf8`[0m
[091105 15:11:35#49888]DEBUG|:   [4;36;1mSQL (192.0ms)[0m   [0;1mCREATE TABLE `format_type` (`id` int(11) DEFAULT NULL auto_increment PRIMARY KEY, `type` varchar(255) NOT NULL, `class_name` varchar(255) NOT NULL) ENGINE=InnoDB CHARACTER SET `utf8`[0m
[091105 15:11:35#49888]DEBUG|:   [4;35;1mSQL (13.0ms)[0m   [0mINSERT INTO schema_migrations (version) VALUES ('4')[0m
[091105 15:11:35#49888]DEBUG|:   [4;36;1mSQL (5.0ms)[0m   [0;1mSELECT version FROM schema_migrations[0m
[091105 15:30:41#49943]DEBUG|:   [4;36;1mSQL (7.0ms)[0m   [0;1mSET SQL_AUTO_IS_NULL=0[0m
[091105 15:30:41#49943]DEBUG|:   [4;35;1mSQL (106.0ms)[0m   [0mCREATE TABLE `schema_migrations` (`version` varchar(255) NOT NULL) ENGINE=InnoDB CHARACTER SET `utf8`[0m
[091105 15:30:41#49943]DEBUG|:   [4;36;1mSQL (248.0ms)[0m   [0;1mCREATE UNIQUE INDEX `unique_schema_migrations` ON `schema_migrations` (`version`)[0m
[091105 15:30:41#49943]DEBUG|:   [4;35;1mSQL (1.0ms)[0m   [0mSELECT version FROM schema_migrations[0m
[091105 15:30:41#49943] INFO|: Migrating to AddSystemTable (1)
[091105 15:30:42#49943]DEBUG|:   [4;36;1mSQL (125.0ms)[0m   [0;1mCREATE TABLE `systems` (`id` int(11) DEFAULT NULL auto_increment PRIMARY KEY, `name` varchar(255) NOT NULL, `description` text NOT NULL) ENGINE=InnoDB CHARACTER SET `utf8`[0m
[091105 15:30:42#49943]DEBUG|:   [4;35;1mSQL (2.0ms)[0m   [0mINSERT INTO schema_migrations (version) VALUES ('1')[0m
[091105 15:30:42#49943] INFO|: Migrating to AddTransportTable (2)
[091105 15:30:42#49943]DEBUG|:   [4;36;1mSQL (140.0ms)[0m   [0;1mCREATE TABLE `transport` (`id` int(11) DEFAULT NULL auto_increment PRIMARY KEY, `type` varchar(255) NOT NULL) ENGINE=InnoDB CHARACTER SET `utf8`[0m
[091105 15:30:42#49943]DEBUG|:   [4;35;1mSQL (122.0ms)[0m   [0mCREATE TABLE `transport_type` (`id` int(11) DEFAULT NULL auto_increment PRIMARY KEY, `type` varchar(255) NOT NULL, `class_name` varchar(255) NOT NULL) ENGINE=InnoDB CHARACTER SET `utf8`[0m
[091105 15:30:42#49943]DEBUG|:   [4;36;1mSQL (180.0ms)[0m   [0;1mALTER TABLE `systems` ADD `inboundTransport` varchar(255)[0m
[091105 15:30:42#49943]DEBUG|:   [4;35;1mSQL (134.0ms)[0m   [0mALTER TABLE `systems` ADD `outboundTransport` varchar(255)[0m
[091105 15:30:42#49943]DEBUG|:   [4;36;1mSQL (5.0ms)[0m   [0;1mINSERT INTO schema_migrations (version) VALUES ('2')[0m
[091105 15:30:42#49943] INFO|: Migrating to AddScenariosTable (3)
[091105 15:30:43#49943]DEBUG|:   [4;35;1mSQL (75.0ms)[0m   [0mCREATE TABLE `scenarios` (`id` int(11) DEFAULT NULL auto_increment PRIMARY KEY, `conversationId` varchar(255) NOT NULL, `name` varchar(255) NOT NULL, `criteriaScript` text(10000) NOT NULL, `executionScript` text(10000) NOT NULL, `isActive` tinyint(1) DEFAULT 0) ENGINE=InnoDB CHARACTER SET `utf8`[0m
[091105 15:30:43#49943]DEBUG|:   [4;36;1mSQL (34.0ms)[0m   [0;1mINSERT INTO schema_migrations (version) VALUES ('3')[0m
[091105 15:30:43#49943] INFO|: Migrating to AddFormatTable (4)
[091105 15:30:43#49943]DEBUG|:   [4;35;1mSQL (124.0ms)[0m   [0mCREATE TABLE `formats` (`id` int(11) DEFAULT NULL auto_increment PRIMARY KEY, `type` varchar(255) NOT NULL) ENGINE=InnoDB CHARACTER SET `utf8`[0m
[091105 15:30:43#49943]DEBUG|:   [4;36;1mSQL (151.0ms)[0m   [0;1mCREATE TABLE `format_type` (`id` int(11) DEFAULT NULL auto_increment PRIMARY KEY, `type` varchar(255) NOT NULL, `class_name` varchar(255) NOT NULL) ENGINE=InnoDB CHARACTER SET `utf8`[0m
[091105 15:30:43#49943]DEBUG|:   [4;35;1mSQL (15.0ms)[0m   [0mINSERT INTO schema_migrations (version) VALUES ('4')[0m
[091105 15:30:43#49943] INFO|: Migrating to AddConfigurationTable (5)
[091105 15:30:43#49943]DEBUG|:   [4;36;1mSQL (81.0ms)[0m   [0;1mCREATE TABLE `configurations` (`id` int(11) DEFAULT NULL auto_increment PRIMARY KEY, `type` varchar(255) NOT NULL, `atribute_name` varchar(255) NOT NULL, `atribute_value` varchar(10000) NOT NULL) ENGINE=InnoDB CHARACTER SET `utf8`[0m
[091105 15:30:43#49943]DEBUG|:   [4;35;1mSQL (2.0ms)[0m   [0mINSERT INTO schema_migrations (version) VALUES ('5')[0m
[091105 15:30:43#49943]DEBUG|:   [4;36;1mSQL (1.0ms)[0m   [0;1mSELECT version FROM schema_migrations[0m
[091105 15:34:06#49961]DEBUG|:   [4;36;1mSQL (6.0ms)[0m   [0;1mSET SQL_AUTO_IS_NULL=0[0m
[091105 15:34:06#49961]DEBUG|:   [4;35;1mSQL (1.0ms)[0m   [0mSELECT version FROM schema_migrations[0m
[091105 15:34:06#49961]DEBUG|:   [4;36;1mSQL (1.0ms)[0m   [0;1mSELECT version FROM schema_migrations[0m
[091105 15:34:06#49961] INFO|: Migrating to AddConfigurationTable (5)
[091105 15:34:06#49961]DEBUG|:   [4;35;1mSQL (3.0ms)[0m   [0mDROP TABLE `configurations`[0m
[091105 15:34:07#49961]DEBUG|:   [4;36;1mSQL (40.0ms)[0m   [0;1mDELETE FROM schema_migrations WHERE version = '5'[0m
[091105 15:34:07#49961] INFO|: Migrating to AddFormatTable (4)
[091105 15:34:07#49961]DEBUG|:   [4;35;1mSQL (0.0ms)[0m   [0mActiveRecord::ActiveRecordError: Unknown table 'formats_type': DROP TABLE `formats_type`[0m
[091105 15:35:36#49971]DEBUG|:   [4;36;1mSQL (5.0ms)[0m   [0;1mSET SQL_AUTO_IS_NULL=0[0m
[091105 15:35:37#49971]DEBUG|:   [4;35;1mSQL (63.0ms)[0m   [0mCREATE TABLE `schema_migrations` (`version` varchar(255) NOT NULL) ENGINE=InnoDB CHARACTER SET `utf8`[0m
[091105 15:35:37#49971]DEBUG|:   [4;36;1mSQL (219.0ms)[0m   [0;1mCREATE UNIQUE INDEX `unique_schema_migrations` ON `schema_migrations` (`version`)[0m
[091105 15:35:37#49971]DEBUG|:   [4;35;1mSQL (1.0ms)[0m   [0mSELECT version FROM schema_migrations[0m
[091105 15:35:37#49971] INFO|: Migrating to AddSystemTable (1)
[091105 15:35:37#49971]DEBUG|:   [4;36;1mSQL (125.0ms)[0m   [0;1mCREATE TABLE `systems` (`id` int(11) DEFAULT NULL auto_increment PRIMARY KEY, `name` varchar(255) NOT NULL, `description` text NOT NULL) ENGINE=InnoDB CHARACTER SET `utf8`[0m
[091105 15:35:37#49971]DEBUG|:   [4;35;1mSQL (1.0ms)[0m   [0mINSERT INTO schema_migrations (version) VALUES ('1')[0m
[091105 15:35:37#49971] INFO|: Migrating to AddTransportTable (2)
[091105 15:35:37#49971]DEBUG|:   [4;36;1mSQL (146.0ms)[0m   [0;1mCREATE TABLE `transport` (`id` int(11) DEFAULT NULL auto_increment PRIMARY KEY, `type` varchar(255) NOT NULL) ENGINE=InnoDB CHARACTER SET `utf8`[0m
[091105 15:35:37#49971]DEBUG|:   [4;35;1mSQL (113.0ms)[0m   [0mCREATE TABLE `transport_type` (`id` int(11) DEFAULT NULL auto_increment PRIMARY KEY, `type` varchar(255) NOT NULL, `class_name` varchar(255) NOT NULL) ENGINE=InnoDB CHARACTER SET `utf8`[0m
[091105 15:35:37#49971]DEBUG|:   [4;36;1mSQL (166.0ms)[0m   [0;1mALTER TABLE `systems` ADD `inboundTransport` varchar(255)[0m
[091105 15:35:37#49971]DEBUG|:   [4;35;1mSQL (107.0ms)[0m   [0mALTER TABLE `systems` ADD `outboundTransport` varchar(255)[0m
[091105 15:35:37#49971]DEBUG|:   [4;36;1mSQL (3.0ms)[0m   [0;1mINSERT INTO schema_migrations (version) VALUES ('2')[0m
[091105 15:35:37#49971] INFO|: Migrating to AddScenariosTable (3)
[091105 15:35:38#49971]DEBUG|:   [4;35;1mSQL (89.0ms)[0m   [0mCREATE TABLE `scenarios` (`id` int(11) DEFAULT NULL auto_increment PRIMARY KEY, `conversationId` varchar(255) NOT NULL, `name` varchar(255) NOT NULL, `criteriaScript` text(10000) NOT NULL, `executionScript` text(10000) NOT NULL, `isActive` tinyint(1) DEFAULT 0) ENGINE=InnoDB CHARACTER SET `utf8`[0m
[091105 15:35:38#49971]DEBUG|:   [4;36;1mSQL (5.0ms)[0m   [0;1mINSERT INTO schema_migrations (version) VALUES ('3')[0m
[091105 15:35:38#49971] INFO|: Migrating to AddFormatTable (4)
[091105 15:35:38#49971]DEBUG|:   [4;35;1mSQL (89.0ms)[0m   [0mCREATE TABLE `formats` (`id` int(11) DEFAULT NULL auto_increment PRIMARY KEY, `type` varchar(255) NOT NULL) ENGINE=InnoDB CHARACTER SET `utf8`[0m
[091105 15:35:38#49971]DEBUG|:   [4;36;1mSQL (115.0ms)[0m   [0;1mCREATE TABLE `format_type` (`id` int(11) DEFAULT NULL auto_increment PRIMARY KEY, `type` varchar(255) NOT NULL, `class_name` varchar(255) NOT NULL) ENGINE=InnoDB CHARACTER SET `utf8`[0m
[091105 15:35:38#49971]DEBUG|:   [4;35;1mSQL (1.0ms)[0m   [0mINSERT INTO schema_migrations (version) VALUES ('4')[0m
[091105 15:35:38#49971] INFO|: Migrating to AddConfigurationTable (5)
[091105 15:35:38#49971]DEBUG|:   [4;36;1mSQL (92.0ms)[0m   [0;1mCREATE TABLE `configurations` (`id` int(11) DEFAULT NULL auto_increment PRIMARY KEY, `type` varchar(255) NOT NULL, `atribute_name` varchar(255) NOT NULL, `atribute_value` varchar(10000) NOT NULL) ENGINE=InnoDB CHARACTER SET `utf8`[0m
[091105 15:35:38#49971]DEBUG|:   [4;35;1mSQL (2.0ms)[0m   [0mINSERT INTO schema_migrations (version) VALUES ('5')[0m
[091105 15:35:38#49971]DEBUG|:   [4;36;1mSQL (6.0ms)[0m   [0;1mSELECT version FROM schema_migrations[0m
[091105 15:37:45#49990]DEBUG|:   [4;36;1mSQL (4.0ms)[0m   [0;1mSET SQL_AUTO_IS_NULL=0[0m
[091105 15:37:45#49990]DEBUG|:   [4;35;1mSQL (98.0ms)[0m   [0mCREATE TABLE `schema_migrations` (`version` varchar(255) NOT NULL) ENGINE=InnoDB CHARACTER SET `utf8`[0m
[091105 15:37:45#49990]DEBUG|:   [4;36;1mSQL (122.0ms)[0m   [0;1mCREATE UNIQUE INDEX `unique_schema_migrations` ON `schema_migrations` (`version`)[0m
[091105 15:37:45#49990]DEBUG|:   [4;35;1mSQL (1.0ms)[0m   [0mSELECT version FROM schema_migrations[0m
[091105 15:37:45#49990] INFO|: Migrating to AddSystemTable (1)
[091105 15:37:45#49990]DEBUG|:   [4;36;1mSQL (88.0ms)[0m   [0;1mCREATE TABLE `systems` (`id` int(11) DEFAULT NULL auto_increment PRIMARY KEY, `name` varchar(255) NOT NULL, `description` text NOT NULL) ENGINE=InnoDB CHARACTER SET `utf8`[0m
[091105 15:37:45#49990]DEBUG|:   [4;35;1mSQL (2.0ms)[0m   [0mINSERT INTO schema_migrations (version) VALUES ('1')[0m
[091105 15:37:45#49990] INFO|: Migrating to AddTransportTable (2)
[091105 15:37:46#49990]DEBUG|:   [4;36;1mSQL (95.0ms)[0m   [0;1mCREATE TABLE `transport` (`id` int(11) DEFAULT NULL auto_increment PRIMARY KEY, `type` varchar(255) NOT NULL) ENGINE=InnoDB CHARACTER SET `utf8`[0m
[091105 15:37:46#49990]DEBUG|:   [4;35;1mSQL (116.0ms)[0m   [0mCREATE TABLE `transport_type` (`id` int(11) DEFAULT NULL auto_increment PRIMARY KEY, `type` varchar(255) NOT NULL, `class_name` varchar(255) NOT NULL) ENGINE=InnoDB CHARACTER SET `utf8`[0m
[091105 15:37:46#49990]DEBUG|:   [4;36;1mSQL (110.0ms)[0m   [0;1mALTER TABLE `systems` ADD `inboundTransport` varchar(255)[0m
[091105 15:37:46#49990]DEBUG|:   [4;35;1mSQL (110.0ms)[0m   [0mALTER TABLE `systems` ADD `outboundTransport` varchar(255)[0m
[091105 15:37:46#49990]DEBUG|:   [4;36;1mSQL (1.0ms)[0m   [0;1mINSERT INTO schema_migrations (version) VALUES ('2')[0m
[091105 15:37:46#49990] INFO|: Migrating to AddScenariosTable (3)
[091105 15:37:46#49990]DEBUG|:   [4;35;1mSQL (64.0ms)[0m   [0mCREATE TABLE `scenarios` (`id` int(11) DEFAULT NULL auto_increment PRIMARY KEY, `conversationId` varchar(255) NOT NULL, `name` varchar(255) NOT NULL, `criteriaScript` text(10000) NOT NULL, `executionScript` text(10000) NOT NULL, `isActive` tinyint(1) DEFAULT 0) ENGINE=InnoDB CHARACTER SET `utf8`[0m
[091105 15:37:46#49990]DEBUG|:   [4;36;1mSQL (2.0ms)[0m   [0;1mINSERT INTO schema_migrations (version) VALUES ('3')[0m
[091105 15:37:46#49990] INFO|: Migrating to AddFormatTable (4)
[091105 15:37:46#49990]DEBUG|:   [4;35;1mSQL (67.0ms)[0m   [0mCREATE TABLE `formats` (`id` int(11) DEFAULT NULL auto_increment PRIMARY KEY, `type` varchar(255) NOT NULL) ENGINE=InnoDB CHARACTER SET `utf8`[0m
[091105 15:37:46#49990]DEBUG|:   [4;36;1mSQL (126.0ms)[0m   [0;1mCREATE TABLE `format_type` (`id` int(11) DEFAULT NULL auto_increment PRIMARY KEY, `type` varchar(255) NOT NULL, `class_name` varchar(255) NOT NULL) ENGINE=InnoDB CHARACTER SET `utf8`[0m
[091105 15:37:46#49990]DEBUG|:   [4;35;1mSQL (1.0ms)[0m   [0mINSERT INTO schema_migrations (version) VALUES ('4')[0m
[091105 15:37:46#49990] INFO|: Migrating to AddConfigurationTable (5)
[091105 15:37:46#49990]DEBUG|:   [4;36;1mSQL (109.0ms)[0m   [0;1mCREATE TABLE `configurations` (`id` int(11) DEFAULT NULL auto_increment PRIMARY KEY, `type` varchar(255) NOT NULL, `atribute_name` varchar(255) NOT NULL, `atribute_value` varchar(10000) NOT NULL) ENGINE=InnoDB CHARACTER SET `utf8`[0m
[091105 15:37:46#49990]DEBUG|:   [4;35;1mSQL (12.0ms)[0m   [0mINSERT INTO schema_migrations (version) VALUES ('5')[0m
[091105 15:37:46#49990]DEBUG|:   [4;36;1mSQL (6.0ms)[0m   [0;1mSELECT version FROM schema_migrations[0m
[091105 15:49:22#50032]DEBUG|:   [4;36;1mSQL (5.0ms)[0m   [0;1mSET SQL_AUTO_IS_NULL=0[0m
[091105 15:49:22#50032]DEBUG|:   [4;35;1mSQL (1.0ms)[0m   [0mSELECT version FROM schema_migrations[0m
[091105 15:49:22#50032]DEBUG|:   [4;36;1mSQL (1.0ms)[0m   [0;1mSELECT version FROM schema_migrations[0m
[091105 15:49:22#50032] INFO|: Migrating to AddTransportTable (5)
[091105 15:51:23#50042]DEBUG|:   [4;36;1mSQL (5.0ms)[0m   [0;1mSET SQL_AUTO_IS_NULL=0[0m
[091105 15:51:24#50042]DEBUG|:   [4;35;1mSQL (118.0ms)[0m   [0mCREATE TABLE `schema_migrations` (`version` varchar(255) NOT NULL) ENGINE=InnoDB CHARACTER SET `utf8`[0m
[091105 15:51:24#50042]DEBUG|:   [4;36;1mSQL (172.0ms)[0m   [0;1mCREATE UNIQUE INDEX `unique_schema_migrations` ON `schema_migrations` (`version`)[0m
[091105 15:51:24#50042]DEBUG|:   [4;35;1mSQL (3.0ms)[0m   [0mSELECT version FROM schema_migrations[0m
[091105 15:51:24#50042] INFO|: Migrating to AddSystemsTable (1)
[091105 15:55:38#50101]DEBUG|:   [4;36;1mSQL (5.0ms)[0m   [0;1mSET SQL_AUTO_IS_NULL=0[0m
[091105 15:55:38#50101]DEBUG|:   [4;35;1mSQL (2.0ms)[0m   [0mSELECT version FROM schema_migrations[0m
[091105 15:55:38#50101] INFO|: Migrating to AddSystemsTable (1)
[091105 16:00:53#50126]DEBUG|:   [4;36;1mSQL (9.0ms)[0m   [0;1mSET SQL_AUTO_IS_NULL=0[0m
[091105 16:00:53#50126]DEBUG|:   [4;35;1mSQL (10.0ms)[0m   [0mSELECT version FROM schema_migrations[0m
[091105 16:00:53#50126] INFO|: Migrating to AddSystemsTable (1)
[091105 16:00:54#50126]DEBUG|:   [4;36;1mSQL (249.0ms)[0m   [0;1mCREATE TABLE `systems` (`id` int(11) DEFAULT NULL auto_increment PRIMARY KEY, `name` varchar(255) NOT NULL, `description` text NOT NULL, `script_language` varchar(255) NOT NULL) ENGINE=InnoDB CHARACTER SET `utf8`[0m
[091105 16:00:54#50126]DEBUG|:   [4;35;1mSQL (2.0ms)[0m   [0mINSERT INTO schema_migrations (version) VALUES ('1')[0m
[091105 16:00:54#50126] INFO|: Migrating to AddConversationsTable (2)
[091105 16:00:54#50126]DEBUG|:   [4;36;1mSQL (110.0ms)[0m   [0;1mCREATE TABLE `conversations` (`id` int(11) DEFAULT NULL auto_increment PRIMARY KEY, `systemId` integer(10) NOT NULL, `name` varchar(255) NOT NULL, `description` text NOT NULL, `isActive` tinyint(1) NOT NULL) ENGINE=InnoDB CHARACTER SET `utf8`[0m
[091105 16:00:54#50126]DEBUG|:   [4;35;1mSQL (4.0ms)[0m   [0mINSERT INTO schema_migrations (version) VALUES ('2')[0m
[091105 16:00:54#50126] INFO|: Migrating to AddScenariosTable (3)
[091105 16:00:54#50126]DEBUG|:   [4;36;1mSQL (67.0ms)[0m   [0;1mCREATE TABLE `scenarios` (`id` int(11) DEFAULT NULL auto_increment PRIMARY KEY, `conversationId` varchar(255) NOT NULL, `name` varchar(255) NOT NULL, `criteriaScript` text NOT NULL, `executionScript` text NOT NULL, `isActive` tinyint(1) DEFAULT 0) ENGINE=InnoDB CHARACTER SET `utf8`[0m
[091105 16:00:54#50126]DEBUG|:   [4;35;1mSQL (1.0ms)[0m   [0mINSERT INTO schema_migrations (version) VALUES ('3')[0m
[091105 16:00:54#50126] INFO|: Migrating to AddFormatTable (4)
[091105 16:00:54#50126]DEBUG|:   [4;36;1mSQL (103.0ms)[0m   [0;1mCREATE TABLE `formats` (`id` int(11) DEFAULT NULL auto_increment PRIMARY KEY, `type` varchar(255) NOT NULL) ENGINE=InnoDB CHARACTER SET `utf8`[0m
[091105 16:00:54#50126]DEBUG|:   [4;35;1mSQL (99.0ms)[0m   [0mCREATE TABLE `format_type` (`id` int(11) DEFAULT NULL auto_increment PRIMARY KEY, `type` varchar(255) NOT NULL, `class_name` varchar(255) NOT NULL) ENGINE=InnoDB CHARACTER SET `utf8`[0m
[091105 16:00:54#50126]DEBUG|:   [4;36;1mSQL (93.0ms)[0m   [0;1mALTER TABLE `conversations` ADD `inboundFormat` integer(10)[0m
[091105 16:00:54#50126]DEBUG|:   [4;35;1mSQL (161.0ms)[0m   [0mALTER TABLE `conversations` ADD `outboundFormat` integer(10)[0m
[091105 16:00:54#50126]DEBUG|:   [4;36;1mSQL (14.0ms)[0m   [0;1mINSERT INTO schema_migrations (version) VALUES ('4')[0m
[091105 16:00:54#50126] INFO|: Migrating to AddTransportTable (5)
[091105 16:00:55#50126]DEBUG|:   [4;35;1mSQL (103.0ms)[0m   [0mCREATE TABLE `transport` (`id` int(11) DEFAULT NULL auto_increment PRIMARY KEY, `type` varchar(255) NOT NULL) ENGINE=InnoDB CHARACTER SET `utf8`[0m
[091105 16:00:55#50126]DEBUG|:   [4;36;1mSQL (154.0ms)[0m   [0;1mCREATE TABLE `transport_type` (`id` int(11) DEFAULT NULL auto_increment PRIMARY KEY, `type` varchar(255) NOT NULL, `class_name` varchar(255) NOT NULL) ENGINE=InnoDB CHARACTER SET `utf8`[0m
[091105 16:00:55#50126]DEBUG|:   [4;35;1mSQL (189.0ms)[0m   [0mALTER TABLE `systems` ADD `inboundTransport` varchar(255)[0m
[091105 16:00:55#50126]DEBUG|:   [4;36;1mSQL (184.0ms)[0m   [0;1mALTER TABLE `systems` ADD `outboundTransport` varchar(255)[0m
[091105 16:00:55#50126]DEBUG|:   [4;35;1mSQL (1.0ms)[0m   [0mINSERT INTO schema_migrations (version) VALUES ('5')[0m
[091105 16:00:55#50126] INFO|: Migrating to AddConfigurationTable (6)
[091105 16:00:55#50126]DEBUG|:   [4;36;1mSQL (138.0ms)[0m   [0;1mCREATE TABLE `configurations` (`id` int(11) DEFAULT NULL auto_increment PRIMARY KEY, `type` varchar(255) NOT NULL, `atribute_name` varchar(255) NOT NULL, `atribute_value` varchar(10000) NOT NULL) ENGINE=InnoDB CHARACTER SET `utf8`[0m
[091105 16:00:55#50126]DEBUG|:   [4;35;1mSQL (1.0ms)[0m   [0mINSERT INTO schema_migrations (version) VALUES ('6')[0m
[091105 16:00:55#50126]DEBUG|:   [4;36;1mSQL (3.0ms)[0m   [0;1mSELECT version FROM schema_migrations[0m
[091105 16:01:55#50137]DEBUG|:   [4;36;1mSQL (8.0ms)[0m   [0;1mSET SQL_AUTO_IS_NULL=0[0m
[091105 16:01:55#50137]DEBUG|:   [4;35;1mSQL (1.0ms)[0m   [0mSELECT version FROM schema_migrations[0m
[091105 16:01:55#50137]DEBUG|:   [4;36;1mSQL (1.0ms)[0m   [0;1mSELECT version FROM schema_migrations[0m
[091105 16:01:55#50137] INFO|: Migrating to AddConfigurationTable (6)
[091105 16:01:55#50137]DEBUG|:   [4;35;1mSQL (3.0ms)[0m   [0mDROP TABLE `configurations`[0m
[091105 16:01:55#50137]DEBUG|:   [4;36;1mSQL (1.0ms)[0m   [0;1mDELETE FROM schema_migrations WHERE version = '6'[0m
[091105 16:01:55#50137] INFO|: Migrating to AddTransportTable (5)
[091105 16:02:41#50151]DEBUG|:   [4;36;1mSQL (6.0ms)[0m   [0;1mSET SQL_AUTO_IS_NULL=0[0m
[091105 16:02:41#50151]DEBUG|:   [4;35;1mSQL (3.0ms)[0m   [0mSELECT version FROM schema_migrations[0m
[091105 16:02:41#50151]DEBUG|:   [4;36;1mSQL (1.0ms)[0m   [0;1mSELECT version FROM schema_migrations[0m
[091105 16:02:41#50151] INFO|: Migrating to AddTransportTable (5)
[091105 16:02:42#50151]DEBUG|:   [4;35;1mSQL (92.0ms)[0m   [0mALTER TABLE `systems` DROP `inboundTransport`[0m
[091105 16:02:42#50151]DEBUG|:   [4;36;1mSQL (175.0ms)[0m   [0;1mALTER TABLE `systems` DROP `outboundTransport`[0m
[091105 16:02:42#50151]DEBUG|:   [4;35;1mSQL (2.0ms)[0m   [0mDROP TABLE `transport_type`[0m
[091105 16:02:42#50151]DEBUG|:   [4;36;1mSQL (2.0ms)[0m   [0;1mDROP TABLE `transport`[0m
[091105 16:02:42#50151]DEBUG|:   [4;35;1mSQL (1.0ms)[0m   [0mDELETE FROM schema_migrations WHERE version = '5'[0m
[091105 16:02:42#50151] INFO|: Migrating to AddFormatTable (4)
[091105 16:02:42#50151]DEBUG|:   [4;36;1mSQL (80.0ms)[0m   [0;1mALTER TABLE `conversations` DROP `inboundFormat`[0m
[091105 16:02:42#50151]DEBUG|:   [4;35;1mSQL (108.0ms)[0m   [0mALTER TABLE `conversations` DROP `outboundFormat`[0m
[091105 16:02:42#50151]DEBUG|:   [4;36;1mSQL (3.0ms)[0m   [0;1mDROP TABLE `format_type`[0m
[091105 16:02:42#50151]DEBUG|:   [4;35;1mSQL (7.0ms)[0m   [0mDROP TABLE `formats`[0m
[091105 16:02:42#50151]DEBUG|:   [4;36;1mSQL (4.0ms)[0m   [0;1mDELETE FROM schema_migrations WHERE version = '4'[0m
[091105 16:02:42#50151] INFO|: Migrating to AddScenariosTable (3)
[091105 16:02:42#50151]DEBUG|:   [4;35;1mSQL (8.0ms)[0m   [0mDROP TABLE `scenarios`[0m
[091105 16:02:42#50151]DEBUG|:   [4;36;1mSQL (2.0ms)[0m   [0;1mDELETE FROM schema_migrations WHERE version = '3'[0m
[091105 16:02:42#50151]DEBUG|:   [4;35;1mSQL (1.0ms)[0m   [0mSELECT version FROM schema_migrations[0m
[091105 16:03:13#50161]DEBUG|:   [4;36;1mSQL (7.0ms)[0m   [0;1mSET SQL_AUTO_IS_NULL=0[0m
[091105 16:03:13#50161]DEBUG|:   [4;35;1mSQL (1.0ms)[0m   [0mSELECT version FROM schema_migrations[0m
[091105 16:03:13#50161] INFO|: Migrating to AddSystemsTable (1)
[091105 16:03:13#50161] INFO|: Migrating to AddConversationsTable (2)
[091105 16:03:13#50161] INFO|: Migrating to AddScenariosTable (3)
[091105 16:03:13#50161]DEBUG|:   [4;36;1mSQL (125.0ms)[0m   [0;1mCREATE TABLE `scenarios` (`id` int(11) DEFAULT NULL auto_increment PRIMARY KEY, `conversationId` varchar(255) NOT NULL, `name` varchar(255) NOT NULL, `criteriaScript` text NOT NULL, `executionScript` text NOT NULL, `isActive` tinyint(1) DEFAULT 0) ENGINE=InnoDB CHARACTER SET `utf8`[0m
[091105 16:03:13#50161]DEBUG|:   [4;35;1mSQL (1.0ms)[0m   [0mINSERT INTO schema_migrations (version) VALUES ('3')[0m
[091105 16:03:13#50161] INFO|: Migrating to AddFormatTable (4)
[091105 16:03:14#50161]DEBUG|:   [4;36;1mSQL (174.0ms)[0m   [0;1mCREATE TABLE `formats` (`id` int(11) DEFAULT NULL auto_increment PRIMARY KEY, `type` varchar(255) NOT NULL) ENGINE=InnoDB CHARACTER SET `utf8`[0m
[091105 16:03:14#50161]DEBUG|:   [4;35;1mSQL (107.0ms)[0m   [0mCREATE TABLE `format_type` (`id` int(11) DEFAULT NULL auto_increment PRIMARY KEY, `type` varchar(255) NOT NULL, `class_name` varchar(255) NOT NULL) ENGINE=InnoDB CHARACTER SET `utf8`[0m
[091105 16:03:14#50161]DEBUG|:   [4;36;1mSQL (119.0ms)[0m   [0;1mALTER TABLE `conversations` ADD `inboundFormat` integer(10)[0m
[091105 16:03:14#50161]DEBUG|:   [4;35;1mSQL (109.0ms)[0m   [0mALTER TABLE `conversations` ADD `outboundFormat` integer(10)[0m
[091105 16:03:14#50161]DEBUG|:   [4;36;1mSQL (1.0ms)[0m   [0;1mINSERT INTO schema_migrations (version) VALUES ('4')[0m
[091105 16:03:14#50161] INFO|: Migrating to AddTransportTable (5)
[091105 16:03:14#50161]DEBUG|:   [4;35;1mSQL (97.0ms)[0m   [0mCREATE TABLE `transport` (`id` int(11) DEFAULT NULL auto_increment PRIMARY KEY, `type` varchar(255) NOT NULL) ENGINE=InnoDB CHARACTER SET `utf8`[0m
[091105 16:03:14#50161]DEBUG|:   [4;36;1mSQL (107.0ms)[0m   [0;1mCREATE TABLE `transport_type` (`id` int(11) DEFAULT NULL auto_increment PRIMARY KEY, `type` varchar(255) NOT NULL, `class_name` varchar(255) NOT NULL) ENGINE=InnoDB CHARACTER SET `utf8`[0m
[091105 16:03:14#50161]DEBUG|:   [4;35;1mSQL (101.0ms)[0m   [0mALTER TABLE `systems` ADD `inboundTransport` varchar(255)[0m
[091105 16:03:14#50161]DEBUG|:   [4;36;1mSQL (107.0ms)[0m   [0;1mALTER TABLE `systems` ADD `outboundTransport` varchar(255)[0m
[091105 16:03:14#50161]DEBUG|:   [4;35;1mSQL (1.0ms)[0m   [0mINSERT INTO schema_migrations (version) VALUES ('5')[0m
[091105 16:03:14#50161] INFO|: Migrating to AddConfigurationTable (6)
[091105 16:03:14#50161]DEBUG|:   [4;36;1mSQL (68.0ms)[0m   [0;1mCREATE TABLE `configurations` (`id` int(11) DEFAULT NULL auto_increment PRIMARY KEY, `type` varchar(255) NOT NULL, `atribute_name` varchar(255) NOT NULL, `atribute_value` varchar(10000) NOT NULL) ENGINE=InnoDB CHARACTER SET `utf8`[0m
[091105 16:03:14#50161]DEBUG|:   [4;35;1mSQL (2.0ms)[0m   [0mINSERT INTO schema_migrations (version) VALUES ('6')[0m
[091105 16:03:14#50161]DEBUG|:   [4;36;1mSQL (1.0ms)[0m   [0;1mSELECT version FROM schema_migrations[0m
[091105 16:06:47#50192]DEBUG|:   [4;36;1mSQL (5.0ms)[0m   [0;1mSET SQL_AUTO_IS_NULL=0[0m
[091105 16:06:47#50192]DEBUG|:   [4;35;1mSQL (1.0ms)[0m   [0mSELECT version FROM schema_migrations[0m
[091105 16:06:47#50192]DEBUG|:   [4;36;1mSQL (0.0ms)[0m   [0;1mSELECT version FROM schema_migrations[0m
[091105 16:06:47#50192] INFO|: Migrating to AddConfigurationTable (6)
[091105 16:06:47#50192]DEBUG|:   [4;35;1mSQL (3.0ms)[0m   [0mDROP TABLE `configurations`[0m
[091105 16:06:47#50192]DEBUG|:   [4;36;1mSQL (1.0ms)[0m   [0;1mDELETE FROM schema_migrations WHERE version = '6'[0m
[091105 16:06:47#50192] INFO|: Migrating to AddTransportTable (5)
[091105 16:06:47#50192]DEBUG|:   [4;35;1mSQL (107.0ms)[0m   [0mALTER TABLE `systems` DROP `inboundTransport`[0m
[091105 16:06:47#50192]DEBUG|:   [4;36;1mSQL (218.0ms)[0m   [0;1mALTER TABLE `systems` DROP `outboundTransport`[0m
[091105 16:06:47#50192]DEBUG|:   [4;35;1mSQL (2.0ms)[0m   [0mDROP TABLE `transport_type`[0m
[091105 16:06:47#50192]DEBUG|:   [4;36;1mSQL (3.0ms)[0m   [0;1mDROP TABLE `transport`[0m
[091105 16:06:47#50192]DEBUG|:   [4;35;1mSQL (2.0ms)[0m   [0mDELETE FROM schema_migrations WHERE version = '5'[0m
[091105 16:06:47#50192] INFO|: Migrating to AddFormatTable (4)
[091105 16:06:47#50192]DEBUG|:   [4;36;1mSQL (142.0ms)[0m   [0;1mALTER TABLE `conversations` DROP `inboundFormat`[0m
[091105 16:06:48#50192]DEBUG|:   [4;35;1mSQL (166.0ms)[0m   [0mALTER TABLE `conversations` DROP `outboundFormat`[0m
[091105 16:06:48#50192]DEBUG|:   [4;36;1mSQL (16.0ms)[0m   [0;1mDROP TABLE `format_type`[0m
[091105 16:06:48#50192]DEBUG|:   [4;35;1mSQL (63.0ms)[0m   [0mDROP TABLE `formats`[0m
[091105 16:06:48#50192]DEBUG|:   [4;36;1mSQL (33.0ms)[0m   [0;1mDELETE FROM schema_migrations WHERE version = '4'[0m
[091105 16:06:48#50192] INFO|: Migrating to AddScenariosTable (3)
[091105 16:06:48#50192]DEBUG|:   [4;35;1mSQL (38.0ms)[0m   [0mDROP TABLE `scenarios`[0m
[091105 16:06:48#50192]DEBUG|:   [4;36;1mSQL (6.0ms)[0m   [0;1mDELETE FROM schema_migrations WHERE version = '3'[0m
[091105 16:06:48#50192]DEBUG|:   [4;35;1mSQL (1.0ms)[0m   [0mSELECT version FROM schema_migrations[0m
[091105 16:17:18#50224]DEBUG|:   [4;36;1mSQL (5.0ms)[0m   [0;1mSET SQL_AUTO_IS_NULL=0[0m
[091105 16:17:18#50224]DEBUG|:   [4;35;1mSQL (1.0ms)[0m   [0mSELECT version FROM schema_migrations[0m
[091105 16:17:18#50224] INFO|: Migrating to AddSystemsTable (1)
[091105 16:17:18#50224] INFO|: Migrating to AddConversationsTable (2)
[091105 16:17:18#50224] INFO|: Migrating to AddScenariosTable (3)
[091105 16:17:18#50224]DEBUG|:   [4;36;1mSQL (188.0ms)[0m   [0;1mCREATE TABLE `scenarios` (`id` int(11) DEFAULT NULL auto_increment PRIMARY KEY, `conversationId` varchar(255) NOT NULL, `name` varchar(255) NOT NULL, `criteriaScript` text NOT NULL, `executionScript` text NOT NULL, `isActive` tinyint(1) DEFAULT 0) ENGINE=InnoDB CHARACTER SET `utf8`[0m
[091105 16:17:18#50224]DEBUG|:   [4;35;1mSQL (2.0ms)[0m   [0mINSERT INTO schema_migrations (version) VALUES ('3')[0m
[091105 16:17:18#50224] INFO|: Migrating to AddFormatTable (4)
[091105 16:17:18#50224]DEBUG|:   [4;36;1mSQL (205.0ms)[0m   [0;1mCREATE TABLE `formats` (`id` int(11) DEFAULT NULL auto_increment PRIMARY KEY, `type` varchar(255) NOT NULL) ENGINE=InnoDB CHARACTER SET `utf8`[0m
[091105 16:17:18#50224]DEBUG|:   [4;35;1mSQL (150.0ms)[0m   [0mCREATE TABLE `format_type` (`id` int(11) DEFAULT NULL auto_increment PRIMARY KEY, `type` varchar(255) NOT NULL, `class_name` varchar(255) NOT NULL) ENGINE=InnoDB CHARACTER SET `utf8`[0m
[091105 16:17:19#50224]DEBUG|:   [4;36;1mSQL (112.0ms)[0m   [0;1mALTER TABLE `conversations` ADD `inboundFormat` integer(10)[0m
[091105 16:17:19#50224]DEBUG|:   [4;35;1mSQL (109.0ms)[0m   [0mALTER TABLE `conversations` ADD `outboundFormat` integer(10)[0m
[091105 16:17:19#50224]DEBUG|:   [4;36;1mSQL (1.0ms)[0m   [0;1mINSERT INTO schema_migrations (version) VALUES ('4')[0m
[091105 16:17:19#50224] INFO|: Migrating to AddTransportTable (5)
[091105 16:17:19#50224]DEBUG|:   [4;35;1mSQL (84.0ms)[0m   [0mCREATE TABLE `transport` (`id` int(11) DEFAULT NULL auto_increment PRIMARY KEY, `type` varchar(255) NOT NULL) ENGINE=InnoDB CHARACTER SET `utf8`[0m
[091105 16:17:19#50224]DEBUG|:   [4;36;1mSQL (117.0ms)[0m   [0;1mCREATE TABLE `transport_type` (`id` int(11) DEFAULT NULL auto_increment PRIMARY KEY, `type` varchar(255) NOT NULL, `class_name` varchar(255) NOT NULL) ENGINE=InnoDB CHARACTER SET `utf8`[0m
[091105 16:17:19#50224]DEBUG|:   [4;35;1mSQL (111.0ms)[0m   [0mALTER TABLE `systems` ADD `inboundTransport` varchar(255)[0m
[091105 16:17:19#50224]DEBUG|:   [4;36;1mSQL (147.0ms)[0m   [0;1mALTER TABLE `systems` ADD `outboundTransport` varchar(255)[0m
[091105 16:17:19#50224]DEBUG|:   [4;35;1mSQL (2.0ms)[0m   [0mINSERT INTO schema_migrations (version) VALUES ('5')[0m
[091105 16:17:19#50224] INFO|: Migrating to AddConfigurationTable (6)
[091105 16:17:19#50224]DEBUG|:   [4;36;1mSQL (146.0ms)[0m   [0;1mCREATE TABLE `configurations` (`id` int(11) DEFAULT NULL auto_increment PRIMARY KEY, `type` varchar(255) NOT NULL, `atribute_name` varchar(255) NOT NULL, `atribute_value` varchar(10000) NOT NULL) ENGINE=InnoDB CHARACTER SET `utf8`[0m
[091105 16:17:19#50224]DEBUG|:   [4;35;1mSQL (1.0ms)[0m   [0mINSERT INTO schema_migrations (version) VALUES ('6')[0m
[091105 16:17:19#50224]DEBUG|:   [4;36;1mSQL (0.0ms)[0m   [0;1mSELECT version FROM schema_migrations[0m
